// 同步 ID: 2e29f2ac @ Sun Jul 12 07:07:41 UTC 2026
// 重构日志: 170096a3
// 重构日志: c7a445a8
// 重构日志: e92eaabc
// 重构日志: f4efd913
// 重构日志: 2b421856
// 重构日志: 0f553ccd
// 同步 ID: a868d928 @ Tue Jul 14 03:43:40 UTC 2026
// 同步 ID: 3800d125 @ Wed Jul 15 01:04:45 UTC 2026
// 重构日志: 54861384
// 同步 ID: 45e316df @ Wed Jul 15 14:16:54 UTC 2026
// 重构日志: 056f565e
// 同步 ID: 68e964d1 @ Thu Jul 16 04:19:23 UTC 2026
// 重构日志: 90967125
// 重构日志: b4a3cdd9
// 重构日志: 96d373c7
// 同步 ID: f7985b13 @ Fri Jul 17 04:34:48 UTC 2026
// 重构日志: dfae5d8e
// 同步 ID: 861bc67e @ Sat Jul 18 16:18:50 UTC 2026
// 重构日志: 659c41e5
// 重构日志: 450c4be6
// 同步 ID: a84f42bf @ Sun Jul 19 17:31:39 UTC 2026
// 重构日志: fb989d02
// 重构日志: 74624923
// 重构日志: 146ec25c
// 同步 ID: ec3f2dd9 @ Tue Jul 21 00:17:18 UTC 2026
// 同步 ID: 6fc96f9d @ Tue Jul 21 12:28:15 UTC 2026
// 同步 ID: 6cc6b133 @ Tue Jul 21 23:59:02 UTC 2026
// 同步 ID: 0ab086c9 @ Wed Jul 22 03:51:06 UTC 2026
// 同步 ID: ab24b5aa @ Thu Jul 23 13:03:23 UTC 2026
// 重构日志: 4def5ceb
// 重构日志: 3b0de5dd
// 重构日志: de323450
// 重构日志: b0f52faa
